\BOOKMARK [0][-]{section*.1}{ZUSAMMENFASSUNG}{}
\BOOKMARK [0][-]{section*.3}{DANKSAGUNG}{}
\BOOKMARK [0][-]{section*.5}{INHALTSVERZEICHNIS}{}
\BOOKMARK [0][-]{chapter.1}{Einleitung}{}
\BOOKMARK [0][-]{chapter.2}{Grundlagen}{}
\BOOKMARK [1][-]{section.2.1}{Accuracy Awareness Data Processing}{chapter.2}
\BOOKMARK [1][-]{section.2.2}{Serialisierung}{chapter.2}
\BOOKMARK [1][-]{section.2.3}{RMI}{chapter.2}
\BOOKMARK [1][-]{section.2.4}{JMX}{chapter.2}
\BOOKMARK [1][-]{section.2.5}{Jmxtools}{chapter.2}
\BOOKMARK [1][-]{section.2.6}{Javassist}{chapter.2}
\BOOKMARK [1][-]{section.2.7}{HotSwapper}{chapter.2}
\BOOKMARK [0][-]{chapter.3}{Verwandte Arbeiten}{}
\BOOKMARK [1][-]{section.3.1}{EnerJ}{chapter.3}
\BOOKMARK [1][-]{section.3.2}{Green-Framework}{chapter.3}
\BOOKMARK [1][-]{section.3.3}{Probabilistic Accuracy Bounds}{chapter.3}
\BOOKMARK [1][-]{section.3.4}{Loop Perforation}{chapter.3}
\BOOKMARK [0][-]{chapter.4}{Design}{}
\BOOKMARK [1][-]{section.4.1}{Motivation und Zielsetzung}{chapter.4}
\BOOKMARK [1][-]{section.4.2}{Benutzerinteraktion}{chapter.4}
\BOOKMARK [1][-]{section.4.3}{Klassendesign \046 -abh\344ngigkeiten}{chapter.4}
\BOOKMARK [2][-]{subsection.4.3.1}{StreamProcessor}{section.4.3}
\BOOKMARK [2][-]{subsection.4.3.2}{Fehlerwerte}{section.4.3}
\BOOKMARK [2][-]{subsection.4.3.3}{Injektions-Strategie}{section.4.3}
\BOOKMARK [2][-]{subsection.4.3.4}{Dynamische Konfiguration}{section.4.3}
\BOOKMARK [2][-]{subsection.4.3.5}{JMX Agent}{section.4.3}
\BOOKMARK [2][-]{subsection.4.3.6}{Ausnahmebehandlungen}{section.4.3}
\BOOKMARK [1][-]{section.4.4}{Verschiedene Clients}{chapter.4}
\BOOKMARK [1][-]{section.4.5}{Sequenzieller Ablauf}{chapter.4}
\BOOKMARK [0][-]{chapter.5}{Implementierung}{}
\BOOKMARK [1][-]{section.5.1}{Fehlerwerte}{chapter.5}
\BOOKMARK [1][-]{section.5.2}{Klasse StreamProcessor}{chapter.5}
\BOOKMARK [1][-]{section.5.3}{Klasse AddRuntimeAnnotation}{chapter.5}
\BOOKMARK [1][-]{section.5.4}{Context}{chapter.5}
\BOOKMARK [1][-]{section.5.5}{Fehler Injektion}{chapter.5}
\BOOKMARK [1][-]{section.5.6}{JMX Implementierung}{chapter.5}
\BOOKMARK [2][-]{subsection.5.6.1}{Controller/MainServer}{section.5.6}
\BOOKMARK [2][-]{subsection.5.6.2}{Client Implementierung}{section.5.6}
\BOOKMARK [0][-]{chapter.6}{Evaluation/Messungen}{}
\BOOKMARK [1][-]{section.6.1}{Testaufbau}{chapter.6}
\BOOKMARK [1][-]{section.6.2}{Lese- und Schreiboperatinen}{chapter.6}
\BOOKMARK [1][-]{section.6.3}{Dynamische Konfiguration der Fehlerwerte}{chapter.6}
\BOOKMARK [1][-]{section.6.4}{Injektionsstategien}{chapter.6}
\BOOKMARK [1][-]{section.6.5}{Branch Prediction}{chapter.6}
\BOOKMARK [1][-]{section.6.6}{Zusammenfassung}{chapter.6}
\BOOKMARK [0][-]{chapter.7}{Fazit}{}
\BOOKMARK [0][-]{section*.59}{ABBILDUNGSVERZEICHNIS}{}
\BOOKMARK [0][-]{section*.61}{LISTINGS}{}
\BOOKMARK [0][-]{section*.63}{TABELLENVERZEICHNIS}{}
\BOOKMARK [0][-]{section*.65}{LITERATURVERZEICHNIS}{}
\BOOKMARK [0][-]{section*.66}{ERKL\304RUNG}{}
