\BOOKMARK [0][-]{chapter*.3}{Inhaltsverzeichnis}{}% 1
\BOOKMARK [0][-]{chapter.1}{Einleitung}{}% 2
\BOOKMARK [1][-]{section.1.1}{Motivation}{chapter.1}% 3
\BOOKMARK [1][-]{section.1.2}{Ziele}{chapter.1}% 4
\BOOKMARK [1][-]{section.1.3}{Aufbau der Arbeit}{chapter.1}% 5
\BOOKMARK [1][-]{section.1.4}{Verwandte Arbeiten}{chapter.1}% 6
\BOOKMARK [0][-]{chapter.2}{Grundlagen}{}% 7
\BOOKMARK [1][-]{section.2.1}{Flugzeugentwurf}{chapter.2}% 8
\BOOKMARK [1][-]{section.2.2}{CPACS}{chapter.2}% 9
\BOOKMARK [1][-]{section.2.3}{Profile}{chapter.2}% 10
\BOOKMARK [2][-]{subsection.2.3.1}{Fl\374gelprofile}{section.2.3}% 11
\BOOKMARK [2][-]{subsection.2.3.2}{Rumpfprofile}{section.2.3}% 12
\BOOKMARK [0][-]{chapter.3}{Eigenes Verfahren}{}% 13
\BOOKMARK [1][-]{section.3.1}{LaTex-Editoren}{chapter.3}% 14
\BOOKMARK [1][-]{section.3.2}{Beispiel f\374r eine Tabelle}{chapter.3}% 15
\BOOKMARK [1][-]{section.3.3}{Formel in Latex und Konventionen zur Verwendung mathematischer Symbole}{chapter.3}% 16
\BOOKMARK [1][-]{section.3.4}{Beispiel f\374r eine Vektorgrafik}{chapter.3}% 17
\BOOKMARK [1][-]{section.3.5}{Beispiel f\374r eine Vektorgrafik mit mathematischen Symbolen}{chapter.3}% 18
\BOOKMARK [1][-]{section.3.6}{Beispiel f\374r eine Rastergrafik}{chapter.3}% 19
\BOOKMARK [1][-]{section.3.7}{Beispiel f\374r die Darstellung von Algorithmen}{chapter.3}% 20
\BOOKMARK [1][-]{section.3.8}{Beispiel f\374r die Darstellung von Quellcode-Ausz\374gen}{chapter.3}% 21
\BOOKMARK [1][-]{section.3.9}{Hier ein uml diagramm}{chapter.3}% 22
\BOOKMARK [0][-]{chapter.4}{Ergebnisse und Evaluation}{}% 23
\BOOKMARK [0][-]{chapter.5}{Zusammenfassung und Ausblick}{}% 24
\BOOKMARK [0][-]{chapter*.22}{Abk\374rzungsverzeichnis}{}% 25
\BOOKMARK [0][-]{chapter*.23}{Abbildungsverzeichnis}{}% 26
\BOOKMARK [0][-]{chapter*.24}{Tabellenverzeichnis}{}% 27
\BOOKMARK [0][-]{section*.25}{Liste der Algorithmen}{}% 28
\BOOKMARK [0][-]{section*.27}{Listings}{}% 29
\BOOKMARK [0][-]{appendix.A}{Anhang}{}% 30
\BOOKMARK [0][-]{section*.30}{Danksagung}{}% 31
