\BOOKMARK [0][-]{chapter*.2}{Inhaltsverzeichnis}{}% 1
\BOOKMARK [0][-]{chapter.1}{Einleitung}{}% 2
\BOOKMARK [1][-]{section.1.1}{Motivation}{chapter.1}% 3
\BOOKMARK [1][-]{section.1.2}{Ziele}{chapter.1}% 4
\BOOKMARK [1][-]{section.1.3}{Aufbau der Arbeit}{chapter.1}% 5
\BOOKMARK [1][-]{section.1.4}{Verwandte Arbeiten}{chapter.1}% 6
\BOOKMARK [0][-]{chapter.2}{Grundlagen}{}% 7
\BOOKMARK [1][-]{section.2.1}{Grundlage 1}{chapter.2}% 8
\BOOKMARK [2][-]{subsection.2.1.1}{subsection}{section.2.1}% 9
\BOOKMARK [1][-]{section.2.2}{Grundlage 2}{chapter.2}% 10
\BOOKMARK [1][-]{section.2.3}{Grundlage 3}{chapter.2}% 11
\BOOKMARK [0][-]{chapter.3}{Eigenes Verfahren}{}% 12
\BOOKMARK [1][-]{section.3.1}{LaTex-Editoren}{chapter.3}% 13
\BOOKMARK [1][-]{section.3.2}{Beispiel f\374r eine Tabelle}{chapter.3}% 14
\BOOKMARK [1][-]{section.3.3}{Formel in Latex und Konventionen zur Verwendung mathematischer Symbole}{chapter.3}% 15
\BOOKMARK [1][-]{section.3.4}{Beispiel f\374r eine Vektorgrafik}{chapter.3}% 16
\BOOKMARK [1][-]{section.3.5}{Beispiel f\374r eine Vektorgrafik mit mathematischen Symbolen}{chapter.3}% 17
\BOOKMARK [1][-]{section.3.6}{Beispiel f\374r eine Rastergrafik}{chapter.3}% 18
\BOOKMARK [1][-]{section.3.7}{Beispiel f\374r die Darstellung von Algorithmen}{chapter.3}% 19
\BOOKMARK [1][-]{section.3.8}{Beispiel f\374r die Darstellung von Quellcode-Ausz\374gen}{chapter.3}% 20
\BOOKMARK [0][-]{chapter.4}{Ergebnisse und Evaluation}{}% 21
\BOOKMARK [0][-]{chapter.5}{Zusammenfassung und Ausblick}{}% 22
\BOOKMARK [0][-]{chapter*.5}{Abk\374rzungsverzeichnis}{}% 23
\BOOKMARK [0][-]{chapter*.6}{Abbildungsverzeichnis}{}% 24
\BOOKMARK [0][-]{chapter*.7}{Tabellenverzeichnis}{}% 25
\BOOKMARK [0][-]{section*.8}{Liste der Algorithmen}{}% 26
\BOOKMARK [0][-]{section*.10}{Listings}{}% 27
\BOOKMARK [0][-]{appendix.A}{Anhang}{}% 28
\BOOKMARK [0][-]{appendix*.14}{Danksagung}{}% 29
