This is pdfTeX, Version 3.1415926-2.5-1.40.14 (TeX Live 2013/TeX Live for SUSE Linux) (format=latex 2014.8.10)  11 OCT 2014 21:46
entering extended mode
 restricted \write18 enabled.
 %&-line parsing enabled.
**pstricksAirfoil.tex
(./pstricksAirfoil.tex
LaTeX2e <2011/06/27>
Babel <3.9f> and hyphenation patterns for 78 languages loaded.
(/usr/share/texmf/tex/latex/koma-script/scrartcl.cls
Document Class: scrartcl 2012/07/29 v3.11b KOMA-Script document class (article)

(/usr/share/texmf/tex/latex/koma-script/scrkbase.sty
Package: scrkbase 2012/07/29 v3.11b KOMA-Script package (KOMA-Script-dependent 
basics and keyval usage)

(/usr/share/texmf/tex/latex/koma-script/scrbase.sty
Package: scrbase 2012/07/29 v3.11b KOMA-Script package (KOMA-Script-independent
 basics and keyval usage)

(/usr/share/texmf/tex/latex/graphics/keyval.sty
Package: keyval 1999/03/16 v1.13 key=value parser (DPC)
\KV@toks@=\toks14
)
(/usr/share/texmf/tex/latex/koma-script/scrlfile.sty
Package: scrlfile 2012/06/15 v3.12 KOMA-Script package (loading files)

Package scrlfile, 2012/06/15 v3.12 KOMA-Script package (loading files)
                  Copyright (C) Markus Kohm

))) (/usr/share/texmf/tex/latex/koma-script/tocbasic.sty
Package: tocbasic 2012/04/04 v3.10b KOMA-Script package (handling toc-files)
)
Package tocbasic Info: omitting babel extension for `toc'
(tocbasic)             because of feature `nobabel' available
(tocbasic)             for `toc' on input line 115.
Package tocbasic Info: omitting babel extension for `lof'
(tocbasic)             because of feature `nobabel' available
(tocbasic)             for `lof' on input line 116.
Package tocbasic Info: omitting babel extension for `lot'
(tocbasic)             because of feature `nobabel' available
(tocbasic)             for `lot' on input line 117.
Class scrartcl Info: File `scrsize11pt.clo' used instead of
(scrartcl)           file `scrsize11.clo' to setup font sizes on input line 126
7.

(/usr/share/texmf/tex/latex/koma-script/scrsize11pt.clo
File: scrsize11pt.clo 2012/07/29 v3.11b KOMA-Script font size class option (11p
t)
)
(/usr/share/texmf/tex/latex/koma-script/typearea.sty
Package: typearea 2012/07/29 v3.11b KOMA-Script package (type area)

Package typearea, 2012/07/29 v3.11b KOMA-Script package (type area)
                  Copyright (C) Frank Neukam, 1992-1994
                  Copyright (C) Markus Kohm, 1994-

\ta@bcor=\skip41
\ta@div=\count79
\ta@hblk=\skip42
\ta@vblk=\skip43
\ta@temp=\skip44
Package typearea Info: These are the values describing the layout:
(typearea)             DIV  = 10
(typearea)             BCOR = 0.0pt
(typearea)             \paperwidth      = 597.50793pt
(typearea)              \textwidth      = 418.25555pt
(typearea)              DIV departure   = -6%
(typearea)              \evensidemargin = 17.3562pt
(typearea)              \oddsidemargin  = 17.3562pt
(typearea)             \paperheight     = 845.04694pt
(typearea)              \textheight     = 595.80026pt
(typearea)              \topmargin      = -25.16531pt
(typearea)              \headheight     = 17.0pt
(typearea)              \headsep        = 20.40001pt
(typearea)              \topskip        = 11.0pt
(typearea)              \footskip       = 47.60002pt
(typearea)              \baselineskip   = 13.6pt
(typearea)              on input line 1213.
)
\c@part=\count80
\c@section=\count81
\c@subsection=\count82
\c@subsubsection=\count83
\c@paragraph=\count84
\c@subparagraph=\count85
\abovecaptionskip=\skip45
\belowcaptionskip=\skip46
\c@pti@nb@sid@b@x=\box26
\c@figure=\count86
\c@table=\count87
\bibindent=\dimen102
) (/usr/share/texmf/tex/latex/pst-3dplot/pst-3dplot.sty
(/usr/share/texmf/tex/latex/pstricks/pstricks.sty
Package: pstricks 2013/05/21 v0.56 LaTeX wrapper for `PSTricks' (RN,HV)

(/usr/share/texmf/tex/generic/pstricks/pstricks.tex
(/usr/share/texmf/tex/generic/xkeyval/pst-xkey.tex
File: pst-xkey.tex 2005/11/25 v1.6 PSTricks specialization of xkeyval (HA)

(/usr/share/texmf/tex/latex/xkeyval/xkeyval.sty
Package: xkeyval 2012/10/14 v2.6b package option processing (HA)

(/usr/share/texmf/tex/generic/xkeyval/xkeyval.tex
\XKV@toks=\toks15
\XKV@tempa@toks=\toks16
\XKV@depth=\count88
File: xkeyval.tex 2012/10/14 v2.6b key=value parser (HA)
)))
(/usr/share/texmf/tex/generic/pstricks/pst-fp.tex
`pst-fp' v0.05, 2010/01/17 (hv)
\pstFP@xs=\count89
\pstFP@xia=\count90
\pstFP@xib=\count91
\pstFP@xfa=\count92
\pstFP@xfb=\count93
\pstFP@rega=\count94
\pstFP@regb=\count95
\pstFP@regs=\count96
\pstFP@times=\count97
)
(/usr/share/texmf/tex/generic/pgf/utilities/pgfutil-common.tex
\pgfutil@everybye=\toks17
)
(/usr/share/texmf/tex/generic/pgf/utilities/pgfkeys.code.tex
\pgfkeys@pathtoks=\toks18
\pgfkeys@temptoks=\toks19

(/usr/share/texmf/tex/generic/pgf/utilities/pgfkeysfiltered.code.tex
\pgfkeys@tmptoks=\toks20
))
(/usr/share/texmf/tex/generic/pgf/utilities/pgffor.code.tex
\pgffor@iter=\dimen103
\pgffor@skip=\dimen104
\pgffor@stack=\toks21
\pgffor@toks=\toks22
)
\psLoopIndex=\count98

`PSTricks' v2.43  <2013/05/12> (tvz)
\pst@dima=\dimen105
\pst@dimb=\dimen106
\pst@dimc=\dimen107
\pst@dimd=\dimen108
\pst@dimg=\dimen109
\pst@dimh=\dimen110
\pst@dimm=\dimen111
\pst@dimn=\dimen112
\pst@dimo=\dimen113
\pst@dimp=\dimen114
\pst@hbox=\box27
\pst@ibox=\box28
\pst@boxg=\box29
\pst@cnta=\count99
\pst@cntb=\count100
\pst@cntc=\count101
\pst@cntd=\count102
\pst@cntg=\count103
\pst@cnth=\count104
\pst@cntm=\count105
\pst@cntn=\count106
\pst@cnto=\count107
\pst@cntp=\count108
\@zero=\count109
\pst@toks=\toks23
(/usr/share/texmf/tex/generic/pstricks/pstricks.con)
\psunit=\dimen115
\psxunit=\dimen116
\psyunit=\dimen117
\pst@C@@rType=\count110
\pslinewidth=\dimen118
\psk@startLW=\dimen119
\psk@endLW=\dimen120
\pst@customdefs=\toks24
\pslinearc=\dimen121
\pst@symbolStep=\dimen122
\pst@symbolWidth=\dimen123
\pst@symbolLinewidth=\dimen124
\everypsbox=\toks25
\psframesep=\dimen125
\pslabelsep=\dimen126
\sh@wgridXunit=\dimen127
\sh@wgridYunit=\dimen128
\pst@shift=\dimen129
\theoverlaybox=\box30
)
File: pstricks.tex 2013/05/12 v2.43 `PSTricks' (tvz,hv)

(/usr/share/texmf/tex/generic/pstricks/pst-fp.tex)
File: pst-fp.tex 2013/05/12 v2.43 `PST-fp' (hv)

(/usr/share/texmf/tex/latex/xcolor/xcolor.sty
Package: xcolor 2007/01/21 v2.11 LaTeX color extensions (UK)

(/usr/share/texmf/tex/latex/latexconfig/color.cfg
File: color.cfg 2007/01/18 v1.5 color configuration of teTeX/TeXLive
)
Package xcolor Info: Driver file: dvips.def on input line 225.

(/usr/share/texmf/tex/latex/graphics/dvips.def
File: dvips.def 1999/02/16 v3.0i Driver-dependant file (DPC,SPQR)
)
Package xcolor Info: Model `cmy' substituted by `cmy0' on input line 1337.
Package xcolor Info: Model `RGB' extended on input line 1353.
Package xcolor Info: Model `HTML' substituted by `rgb' on input line 1355.
Package xcolor Info: Model `Hsb' substituted by `hsb' on input line 1356.
Package xcolor Info: Model `tHsb' substituted by `hsb' on input line 1357.
Package xcolor Info: Model `HSB' substituted by `hsb' on input line 1358.
Package xcolor Info: Model `Gray' substituted by `gray' on input line 1359.
Package xcolor Info: Model `wave' substituted by `hsb' on input line 1360.
))
(/usr/share/texmf/tex/latex/pst-3d/pst-3d.sty
Package: pst-3d 2009/07/28 package wrapper for pst-3d.tex (hv)

(/usr/share/texmf/tex/generic/pst-3d/pst-3d.tex
`PST-3d' v1.11, 2010/02/14 (tvz))
File: pst-3d.tex 2010/02/14 v1.11 `PST-3d' (hv)
)
(/usr/share/texmf/tex/latex/pst-plot/pst-plot.sty
Package: pst-plot 2011/06/05 v1.00 LaTeX wrapper for `pst-plot' (HV)

(/usr/share/texmf/tex/latex/xkeyval/pst-xkey.sty
Package: pst-xkey 2005/11/25 v1.6 package wrapper for pst-xkey.tex (HA)
)
(/usr/share/texmf/tex/latex/multido/multido.sty
Package: multido 2004/05/17 package wrapper for PSTricks `multido.tex', (HV/RN)


(/usr/share/texmf/tex/generic/multido/multido.tex  v1.42, 2010/05/14 <tvz>
\multido@count=\count111
\multidocount=\count112
\multido@stuff=\toks26
)
File: multido.tex 2010/05/14 v1.42 `multido' (tvz,hv)
)
Package: pst-plot 2011/04/13 package wrapper for pst-plot.tex (hv)

(/usr/share/texmf/tex/generic/pst-plot/pst-plot.tex
 v1.45, 2013/04/29 (tvz,hv)
\pstRadUnit=\dimen130
\pstRadUnitInv=\dimen131
\pst@linecnt=\count113
\psxlabelsep=\dimen132
\psylabelsep=\dimen133
\psk@subticksize=\dimen134
\pst@xticksizeA=\dimen135
\pst@xticksizeB=\dimen136
\pst@xticksizeC=\dimen137
\pst@yticksizeA=\dimen138
\pst@yticksizeB=\dimen139
\pst@yticksizeC=\dimen140
\@digitcounter=\count114
\psk@llx=\dimen141
\psk@lly=\dimen142
\psk@urx=\dimen143
\psk@ury=\dimen144
\pst@xunit=\dimen145
\pst@yunit=\dimen146
)
File: pst-plot.tex 2013/04/29 1.45 `pst-plot' (tvz,hv)
) (/usr/share/texmf/tex/latex/pst-node/pst-node.sty
Package: pst-node 2012/09/18 v1.01 LaTeX wrapper for `pst-node' (HV)
Package: pst-node 2010/04/22 package wrapper for pst-node.tex
(/usr/share/texmf/tex/generic/pst-node/pst-node.tex  v1.27, 2013/04/12
\psrow=\count115
\pscol=\count116
\psmatrixcnt=\count117
\psrowsep=\skip47
\pscolsep=\skip48
\pst@args=\count118
\num@pts=\count119
\pst@argcnt=\count120
)
File: pst-node.tex 2013/04/12 1.27 `pst-node' (tvz,hv)
)
Package: pst-3dplot 2010/01/01 package wrapper for pst-3dplot.tex (hv)

(/usr/share/texmf/tex/generic/pst-3dplot/pst-3dplot.tex
(/usr/share/texmf/tex/generic/pst-node/pst-node.tex)
(/usr/share/texmf/tex/generic/multido/multido.tex  v1.42, 2010/05/14 <tvz>)
`PST-3dplot' v1.97, 2012/06/07 (HV,DL)
\pst@dimf=\dimen147
\pst@cntx=\count121
\pst@cnty=\count122
\pst@cntz=\count123
\pst@dimx=\dimen148
\pst@dimy=\dimen149
\pst@dimz=\dimen150
\pst@dx=\dimen151
\pst@dy=\dimen152
\pszunit=\dimen153
)
File: pst-3dplot.tex 2012/06/07 v1.97 `PST-3dplot' (hv)
)
No file pstricksAirfoil.aux.
\openout1 = `pstricksAirfoil.aux'.

LaTeX Font Info:    Checking defaults for OML/cmm/m/it on input line 3.
LaTeX Font Info:    ... okay on input line 3.
LaTeX Font Info:    Checking defaults for T1/cmr/m/n on input line 3.
LaTeX Font Info:    ... okay on input line 3.
LaTeX Font Info:    Checking defaults for OT1/cmr/m/n on input line 3.
LaTeX Font Info:    ... okay on input line 3.
LaTeX Font Info:    Checking defaults for OMS/cmsy/m/n on input line 3.
LaTeX Font Info:    ... okay on input line 3.
LaTeX Font Info:    Checking defaults for OMX/cmex/m/n on input line 3.
LaTeX Font Info:    ... okay on input line 3.
LaTeX Font Info:    Checking defaults for U/cmr/m/n on input line 3.
LaTeX Font Info:    ... okay on input line 3.
LaTeX Font Info:    External font `cmex10' loaded for size
(Font)              <10.95> on input line 10.
LaTeX Font Info:    External font `cmex10' loaded for size
(Font)              <8> on input line 10.
LaTeX Font Info:    External font `cmex10' loaded for size
(Font)              <6> on input line 10.
[1

] (./pstricksAirfoil.aux) ) 
Here is how much of TeX's memory you used:
 5799 strings out of 493316
 92127 string characters out of 6145919
 324804 words of memory out of 5000000
 9215 multiletter control sequences out of 15000+600000
 6984 words of font info for 25 fonts, out of 8000000 for 9000
 957 hyphenation exceptions out of 8191
 49i,5n,61p,591b,525s stack positions out of 5000i,500n,10000p,200000b,80000s

Output written on pstricksAirfoil.dvi (1 page, 103380 bytes).
