This is pdfTeX, Version 3.1415926-2.5-1.40.14 (TeX Live 2013/TeX Live for SUSE Linux) (format=latex 2014.8.10)  10 AUG 2014 19:53
entering extended mode
 restricted \write18 enabled.
 %&-line parsing enabled.
**acronym.sty
(./acronym.sty
LaTeX2e <2011/06/27>
Babel <3.9f> and hyphenation patterns for 78 languages loaded.
)
*
! Emergency stop.
<*> acronym.sty
               
End of file on the terminal!

 
Here is how much of TeX's memory you used:
 29 strings out of 493316
 316 string characters out of 6145919
 52155 words of memory out of 5000000
 3580 multiletter control sequences out of 15000+600000
 3640 words of font info for 14 fonts, out of 8000000 for 9000
 957 hyphenation exceptions out of 8191
 5i,0n,5p,93b,8s stack positions out of 5000i,500n,10000p,200000b,80000s
No pages of output.
